# JRE version: OpenJDK Runtime Environment Microsoft-8035246 (17.0.8+7) (build 17.0.8+7-LTS)
# Java VM: OpenJDK 64-Bit Server VM Microsoft-8035246 (17.0.8+7-LTS, mixed mode, sharing, tiered, compressed oops, compressed class ptrs, g1 gc, windows-amd64)
GC Precious Log:
 CPUs: 4 total, 4 available
 Memory: 16382M
 Large Page Support: Disabled
 NUMA Support: Disabled
 Compressed Oops: Enabled (32-bit)
 Heap Region Size: 1M
 Heap Min Capacity: 8M
 Heap Initial Capacity: 256M
 Heap Max Capacity: 2G
 Pre-touch: Disabled
 Parallel Workers: 4
 Concurrent Workers: 1
 Concurrent Refinement Workers: 4
 Periodic GC: Disabled
Heap:
 garbage-first heap   total 234496K, used 201754K [0x0000000080000000, 0x0000000100000000)
  region size 1024K, 4 young (4096K), 4 survivors (4096K)
 Metaspace       used 98499K, committed 99456K, reserved 557056K
  class space    used 13395K, committed 13824K, reserved 425984K
GC Heap History (20 events):
Event: 31.434 GC heap before
{Heap before GC invocations=27 (full 0):
 garbage-first heap   total 138240K, used 113510K [0x0000000080000000, 0x0000000100000000)
  region size 1024K, 37 young (37888K), 2 survivors (2048K)
 Metaspace       used 75740K, committed 76480K, reserved 557056K
  class space    used 10490K, committed 10816K, reserved 425984K
}
Event: 31.444 GC heap after
{Heap after GC invocations=28 (full 0):
 garbage-first heap   total 222208K, used 81850K [0x0000000080000000, 0x0000000100000000)
  region size 1024K, 5 young (5120K), 5 survivors (5120K)
 Metaspace       used 75740K, committed 76480K, reserved 557056K
  class space    used 10490K, committed 10816K, reserved 425984K
}
Event: 36.373 GC heap before
{Heap before GC invocations=29 (full 0):
 garbage-first heap   total 222208K, used 184250K [0x0000000080000000, 0x0000000100000000)
  region size 1024K, 97 young (99328K), 5 survivors (5120K)
 Metaspace       used 79701K, committed 80576K, reserved 557056K
  class space    used 11006K, committed 11392K, reserved 425984K
}
Event: 36.393 GC heap after
{Heap after GC invocations=30 (full 0):
 garbage-first heap   total 222208K, used 107520K [0x0000000080000000, 0x0000000100000000)
  region size 1024K, 13 young (13312K), 13 survivors (13312K)
 Metaspace       used 79701K, committed 80576K, reserved 557056K
  class space    used 11006K, committed 11392K, reserved 425984K
}
Event: 37.263 GC heap before
{Heap before GC invocations=30 (full 0):
 garbage-first heap   total 222208K, used 128000K [0x0000000080000000, 0x0000000100000000)
  region size 1024K, 32 young (32768K), 13 survivors (13312K)
 Metaspace       used 79819K, committed 80640K, reserved 557056K
  class space    used 11008K, committed 11392K, reserved 425984K
}
Event: 37.275 GC heap after
{Heap after GC invocations=31 (full 0):
 garbage-first heap   total 222208K, used 115012K [0x0000000080000000, 0x0000000100000000)
  region size 1024K, 5 young (5120K), 5 survivors (5120K)
 Metaspace       used 79819K, committed 80640K, reserved 557056K
  class space    used 11008K, committed 11392K, reserved 425984K
}
Event: 38.702 GC heap before
{Heap before GC invocations=32 (full 0):
 garbage-first heap   total 222208K, used 176452K [0x0000000080000000, 0x0000000100000000)
  region size 1024K, 61 young (62464K), 5 survivors (5120K)
 Metaspace       used 83769K, committed 84608K, reserved 557056K
  class space    used 11536K, committed 11904K, reserved 425984K
}
Event: 38.715 GC heap after
{Heap after GC invocations=33 (full 0):
 garbage-first heap   total 222208K, used 126701K [0x0000000080000000, 0x0000000100000000)
  region size 1024K, 8 young (8192K), 8 survivors (8192K)
 Metaspace       used 83769K, committed 84608K, reserved 557056K
  class space    used 11536K, committed 11904K, reserved 425984K
}
Event: 38.756 GC heap before
{Heap before GC invocations=33 (full 0):
 garbage-first heap   total 222208K, used 128749K [0x0000000080000000, 0x0000000100000000)
  region size 1024K, 10 young (10240K), 8 survivors (8192K)
 Metaspace       used 83913K, committed 84800K, reserved 557056K
  class space    used 11550K, committed 11968K, reserved 425984K
}
Event: 38.764 GC heap after
{Heap after GC invocations=34 (full 0):
 garbage-first heap   total 222208K, used 127182K [0x0000000080000000, 0x0000000100000000)
  region size 1024K, 1 young (1024K), 1 survivors (1024K)
 Metaspace       used 83913K, committed 84800K, reserved 557056K
  class space    used 11550K, committed 11968K, reserved 425984K
}
Event: 40.541 GC heap before
{Heap before GC invocations=34 (full 0):
 garbage-first heap   total 222208K, used 177358K [0x0000000080000000, 0x0000000100000000)
  region size 1024K, 50 young (51200K), 1 survivors (1024K)
 Metaspace       used 89062K, committed 89984K, reserved 557056K
  class space    used 12241K, committed 12672K, reserved 425984K
}
Event: 40.553 GC heap after
{Heap after GC invocations=35 (full 0):
 garbage-first heap   total 222208K, used 131641K [0x0000000080000000, 0x0000000100000000)
  region size 1024K, 6 young (6144K), 6 survivors (6144K)
 Metaspace       used 89062K, committed 89984K, reserved 557056K
  class space    used 12241K, committed 12672K, reserved 425984K
}
Event: 42.329 GC heap before
{Heap before GC invocations=36 (full 0):
 garbage-first heap   total 234496K, used 178745K [0x0000000080000000, 0x0000000100000000)
  region size 1024K, 52 young (53248K), 6 survivors (6144K)
 Metaspace       used 95679K, committed 96704K, reserved 557056K
  class space    used 13057K, committed 13504K, reserved 425984K
}
Event: 42.348 GC heap after
{Heap after GC invocations=37 (full 0):
 garbage-first heap   total 234496K, used 137087K [0x0000000080000000, 0x0000000100000000)
  region size 1024K, 6 young (6144K), 6 survivors (6144K)
 Metaspace       used 95679K, committed 96704K, reserved 557056K
  class space    used 13057K, committed 13504K, reserved 425984K
}
Event: 42.417 GC heap before
{Heap before GC invocations=37 (full 0):
 garbage-first heap   total 234496K, used 142207K [0x0000000080000000, 0x0000000100000000)
  region size 1024K, 11 young (11264K), 6 survivors (6144K)
 Metaspace       used 95720K, committed 96704K, reserved 557056K
  class space    used 13058K, committed 13504K, reserved 425984K
}
Event: 42.425 GC heap after
{Heap after GC invocations=38 (full 0):
 garbage-first heap   total 234496K, used 137380K [0x0000000080000000, 0x0000000100000000)
  region size 1024K, 2 young (2048K), 2 survivors (2048K)
 Metaspace       used 95720K, committed 96704K, reserved 557056K
  class space    used 13058K, committed 13504K, reserved 425984K
}
Event: 42.996 GC heap before
{Heap before GC invocations=38 (full 0):
 garbage-first heap   total 234496K, used 189604K [0x0000000080000000, 0x0000000100000000)
  region size 1024K, 53 young (54272K), 2 survivors (2048K)
 Metaspace       used 97441K, committed 98368K, reserved 557056K
  class space    used 13276K, committed 13696K, reserved 425984K
}
Event: 43.006 GC heap after
{Heap after GC invocations=39 (full 0):
 garbage-first heap   total 234496K, used 141501K [0x0000000080000000, 0x0000000100000000)
  region size 1024K, 6 young (6144K), 6 survivors (6144K)
 Metaspace       used 97441K, committed 98368K, reserved 557056K
  class space    used 13276K, committed 13696K, reserved 425984K
}
Event: 44.165 GC heap before
{Heap before GC invocations=39 (full 0):
 garbage-first heap   total 234496K, used 191677K [0x0000000080000000, 0x0000000100000000)
  region size 1024K, 56 young (57344K), 6 survivors (6144K)
 Metaspace       used 98118K, committed 99072K, reserved 557056K
  class space    used 13380K, committed 13824K, reserved 425984K
}
Event: 44.178 GC heap after
{Heap after GC invocations=40 (full 0):
 garbage-first heap   total 234496K, used 145691K [0x0000000080000000, 0x0000000100000000)
  region size 1024K, 5 young (5120K), 5 survivors (5120K)
 Metaspace       used 98118K, committed 99072K, reserved 557056K
  class space    used 13380K, committed 13824K, reserved 425984K
}

